{"timestamp":"2026-05-03T19:40:40.751600Z","level":"info","event":"DAG bundles loaded: dags-folder","logger":"airflow.dag_processing.bundles.manager.DagBundlesManager","filename":"manager.py","lineno":209}
{"timestamp":"2026-05-03T19:40:40.764743Z","level":"info","event":"Filling up the DagBag from /opt/airflow/dags/dbt_run.py","logger":"airflow.dag_processing.dagbag.BundleDagBag","filename":"dagbag.py","lineno":469}
{"timestamp":"2026-05-03T19:40:40.869727Z","level":"info","event":"::group::Cosmos DAG parsing logs","logger":"cosmos.converter","filename":"converter.py","lineno":286}
{"timestamp":"2026-05-03T19:40:40.873320Z","level":"info","event":"Trying to parse the dbt project using dbt ls cache cosmos_cache__smart_parking_staging...","logger":"cosmos.dbt.graph","filename":"graph.py","lineno":781}
{"timestamp":"2026-05-03T19:40:41.034352Z","level":"info","event":"Cosmos performance: time to calculate cache identifier cosmos_cache__smart_parking_staging for current version: 0.0928622030041879","logger":"cosmos.cache","filename":"cache.py","lineno":329}
{"timestamp":"2026-05-03T19:40:41.034638Z","level":"info","event":"Cosmos performance [d1de8f0db6fa|57]: The cache size for cosmos_cache__smart_parking_staging is 6279","logger":"cosmos.dbt.graph","filename":"graph.py","lineno":798}
{"timestamp":"2026-05-03T19:40:41.035681Z","level":"info","event":"Cosmos performance: Cache hit for cosmos_cache__smart_parking_staging - 96891653dea91b2b7c841d7673282ea6,d41d8cd98f00b204e9800998ecf8427e","logger":"cosmos.dbt.graph","filename":"graph.py","lineno":806}
{"timestamp":"2026-05-03T19:40:41.036695Z","level":"info","event":"Total nodes: 8","logger":"cosmos.dbt.graph","filename":"graph.py","lineno":711}
{"timestamp":"2026-05-03T19:40:41.038041Z","level":"info","event":"Total filtered nodes: 8","logger":"cosmos.dbt.graph","filename":"graph.py","lineno":712}
{"timestamp":"2026-05-03T19:40:41.134167Z","level":"info","event":"Cosmos performance (smart_parking_staging) -  [d1de8f0db6fa|57]: It took 0.261s to parse the dbt project for DAG using LoadMode.DBT_LS_CACHE","logger":"cosmos.converter","filename":"converter.py","lineno":333}
{"timestamp":"2026-05-03T19:40:41.136819Z","level":"info","event":"Project /opt/airflow/dags/data_transform does not have {'packages.yml', 'dependencies.yml'}","logger":"cosmos.dbt.project","filename":"project.py","lineno":40}
{"timestamp":"2026-05-03T19:40:41.141140Z","level":"info","event":"Project /opt/airflow/dags/data_transform does not have {'packages.yml', 'dependencies.yml'}","logger":"cosmos.dbt.project","filename":"project.py","lineno":40}
{"timestamp":"2026-05-03T19:40:41.145126Z","level":"info","event":"Project /opt/airflow/dags/data_transform does not have {'packages.yml', 'dependencies.yml'}","logger":"cosmos.dbt.project","filename":"project.py","lineno":40}
{"timestamp":"2026-05-03T19:40:41.148760Z","level":"info","event":"Project /opt/airflow/dags/data_transform does not have {'packages.yml', 'dependencies.yml'}","logger":"cosmos.dbt.project","filename":"project.py","lineno":40}
{"timestamp":"2026-05-03T19:40:41.152026Z","level":"info","event":"Project /opt/airflow/dags/data_transform does not have {'packages.yml', 'dependencies.yml'}","logger":"cosmos.dbt.project","filename":"project.py","lineno":40}
{"timestamp":"2026-05-03T19:40:41.156301Z","level":"info","event":"Project /opt/airflow/dags/data_transform does not have {'packages.yml', 'dependencies.yml'}","logger":"cosmos.dbt.project","filename":"project.py","lineno":40}
{"timestamp":"2026-05-03T19:40:41.157615Z","level":"info","event":"Cosmos performance (smart_parking_staging) - [d1de8f0db6fa|57]: It took 0.0235s to build the Airflow DAG.","logger":"cosmos.converter","filename":"converter.py","lineno":380}
{"timestamp":"2026-05-03T19:40:41.157791Z","level":"info","event":"::endgroup::Cosmos DAG parsing logs","logger":"cosmos.converter","filename":"converter.py","lineno":383}
{"timestamp":"2026-05-03T19:40:41.158244Z","level":"warning","event":"Import 'DAG' directly from the airflow module is deprecated and will be removed in the future. Please import it from 'airflow.sdk'.","category":"UserWarning","filename":"/home/airflow/.local/lib/python3.11/site-packages/cosmos/airflow/dag.py","lineno":9,"logger":"py.warnings"}
{"timestamp":"2026-05-03T19:40:41.158376Z","level":"warning","event":"airflow.exceptions.ParamValidationError is deprecated and will be removed in a future version. Use airflow.sdk.exceptions.ParamValidationError instead.","category":"UserWarning","filename":"/home/airflow/.local/lib/python3.11/site-packages/cosmos/converter.py","lineno":15,"logger":"py.warnings"}
{"timestamp":"2026-05-03T19:40:41.158523Z","level":"warning","event":"Import 'DAG' directly from the airflow module is deprecated and will be removed in the future. Please import it from 'airflow.sdk'.","category":"UserWarning","filename":"/home/airflow/.local/lib/python3.11/site-packages/cosmos/converter.py","lineno":16,"logger":"py.warnings"}
{"timestamp":"2026-05-03T19:40:41.158687Z","level":"warning","event":"Import 'DAG' directly from the airflow module is deprecated and will be removed in the future. Please import it from 'airflow.sdk'.","category":"UserWarning","filename":"/home/airflow/.local/lib/python3.11/site-packages/cosmos/airflow/graph.py","lineno":14,"logger":"py.warnings"}
{"timestamp":"2026-05-03T19:40:41.158794Z","level":"warning","event":"Import 'DAG' directly from the airflow module is deprecated and will be removed in the future. Please import it from 'airflow.sdk'.","category":"UserWarning","filename":"/home/airflow/.local/lib/python3.11/site-packages/cosmos/core/airflow.py","lineno":11,"logger":"py.warnings"}
{"timestamp":"2026-05-03T19:40:41.158922Z","level":"warning","event":"Using Variable.get from `airflow.models` is deprecated.Please use `get` on Variable from sdk(`airflow.sdk.Variable`) instead","category":"UserWarning","filename":"/home/airflow/.local/lib/python3.11/site-packages/airflow/models/variable.py","lineno":158,"logger":"py.warnings"}
{"timestamp":"2026-05-03T19:40:44.965414Z","level":"info","event":"dbtRunner is available. Using dbtRunner for invoking dbt.","logger":"cosmos.operators.local","filename":"local.py","lineno":269}
{"timestamp":"2026-05-03T19:40:44.966750Z","level":"info","event":"Cloning project to writable temp directory /tmp/tmpnu3_9kxc from /opt/airflow/dags/data_transform","logger":"cosmos.operators.local","filename":"local.py","lineno":494}
{"timestamp":"2026-05-03T19:40:44.972172Z","level":"info","event":"Partial parse is enabled and the latest partial parse file is None","logger":"cosmos.operators.local","filename":"local.py","lineno":514}
{"timestamp":"2026-05-03T19:40:44.973209Z","level":"info","event":"Profile caching is enable.","logger":"cosmos.config","filename":"config.py","lineno":382}
{"timestamp":"2026-05-03T19:40:44.977440Z","level":"warning","event":"Skipping masking for a secret as it's too short (<5 chars)","logger":"airflow.sdk._shared.secrets_masker.secrets_masker","filename":"secrets_masker.py","lineno":577}
{"timestamp":"2026-05-03T19:40:44.981044Z","level":"info","event":"Profile found in cache using profile: /tmp/cosmos/profile/f11e3abe3d9294e4464481193b352266a8e60e5e3203d9f10fc6906da966822a/profiles.yml.","logger":"cosmos.config","filename":"config.py","lineno":362}
{"timestamp":"2026-05-03T19:40:44.982564Z","level":"info","event":"Trying to run dbtRunner with:\n ['run', '--select', 'fqn:data_transform.staging.stg_parkings', '--project-dir', '/tmp/tmpnu3_9kxc', '--profiles-dir', '/tmp/cosmos/profile/f11e3abe3d9294e4464481193b352266a8e60e5e3203d9f10fc6906da966822a', '--profile', 'smartparking', '--target', 'dev', '--no-static-parser']\n in /tmp/tmpnu3_9kxc","logger":"cosmos.dbt.runner","filename":"runner.py","lineno":98}
{"timestamp":"2026-05-03T19:40:45.202930Z","level":"info","event":"\u001b[0m19:40:45  Running with dbt=1.11.8","logger":"task.stdout"}
{"timestamp":"2026-05-03T19:40:45.646722Z","level":"info","event":"::group::Cosmos DAG parsing logs","logger":"cosmos.converter","filename":"converter.py","lineno":286}
{"timestamp":"2026-05-03T19:40:45.652561Z","level":"info","event":"Trying to parse the dbt project using dbt ls cache cosmos_cache__smart_parking_staging...","logger":"cosmos.dbt.graph","filename":"graph.py","lineno":781}
{"timestamp":"2026-05-03T19:40:45.653032Z","level":"warning","event":"Using Variable.get from `airflow.models` is deprecated.Please use `get` on Variable from sdk(`airflow.sdk.Variable`) instead","category":"DeprecationWarning","filename":"/home/airflow/.local/lib/python3.11/site-packages/airflow/models/variable.py","lineno":158,"logger":"py.warnings"}
{"timestamp":"2026-05-03T19:40:45.848776Z","level":"info","event":"Cosmos performance: time to calculate cache identifier cosmos_cache__smart_parking_staging for current version: 0.10633239700109698","logger":"cosmos.cache","filename":"cache.py","lineno":329}
{"timestamp":"2026-05-03T19:40:45.849385Z","level":"info","event":"Cosmos performance [d1de8f0db6fa|57]: The cache size for cosmos_cache__smart_parking_staging is 6279","logger":"cosmos.dbt.graph","filename":"graph.py","lineno":798}
{"timestamp":"2026-05-03T19:40:45.850830Z","level":"info","event":"Cosmos performance: Cache hit for cosmos_cache__smart_parking_staging - 96891653dea91b2b7c841d7673282ea6,d41d8cd98f00b204e9800998ecf8427e","logger":"cosmos.dbt.graph","filename":"graph.py","lineno":806}
{"timestamp":"2026-05-03T19:40:45.851181Z","level":"info","event":"Total nodes: 8","logger":"cosmos.dbt.graph","filename":"graph.py","lineno":711}
{"timestamp":"2026-05-03T19:40:45.851368Z","level":"info","event":"Total filtered nodes: 8","logger":"cosmos.dbt.graph","filename":"graph.py","lineno":712}
{"timestamp":"2026-05-03T19:40:45.995799Z","level":"info","event":"Cosmos performance (smart_parking_staging) -  [d1de8f0db6fa|57]: It took 0.343s to parse the dbt project for DAG using LoadMode.DBT_LS_CACHE","logger":"cosmos.converter","filename":"converter.py","lineno":333}
{"timestamp":"2026-05-03T19:40:46.007892Z","level":"info","event":"Project /opt/airflow/dags/data_transform does not have {'packages.yml', 'dependencies.yml'}","logger":"cosmos.dbt.project","filename":"project.py","lineno":40}
{"timestamp":"2026-05-03T19:40:46.023215Z","level":"info","event":"Project /opt/airflow/dags/data_transform does not have {'packages.yml', 'dependencies.yml'}","logger":"cosmos.dbt.project","filename":"project.py","lineno":40}
{"timestamp":"2026-05-03T19:40:46.053288Z","level":"info","event":"Project /opt/airflow/dags/data_transform does not have {'packages.yml', 'dependencies.yml'}","logger":"cosmos.dbt.project","filename":"project.py","lineno":40}
{"timestamp":"2026-05-03T19:40:46.058266Z","level":"info","event":"Project /opt/airflow/dags/data_transform does not have {'packages.yml', 'dependencies.yml'}","logger":"cosmos.dbt.project","filename":"project.py","lineno":40}
{"timestamp":"2026-05-03T19:40:46.062761Z","level":"info","event":"Project /opt/airflow/dags/data_transform does not have {'packages.yml', 'dependencies.yml'}","logger":"cosmos.dbt.project","filename":"project.py","lineno":40}
{"timestamp":"2026-05-03T19:40:46.068196Z","level":"info","event":"Project /opt/airflow/dags/data_transform does not have {'packages.yml', 'dependencies.yml'}","logger":"cosmos.dbt.project","filename":"project.py","lineno":40}
{"timestamp":"2026-05-03T19:40:46.070535Z","level":"info","event":"Cosmos performance (smart_parking_staging) - [d1de8f0db6fa|57]: It took 0.0747s to build the Airflow DAG.","logger":"cosmos.converter","filename":"converter.py","lineno":380}
{"timestamp":"2026-05-03T19:40:46.082596Z","level":"info","event":"::endgroup::Cosmos DAG parsing logs","logger":"cosmos.converter","filename":"converter.py","lineno":383}
{"timestamp":"2026-05-03T19:40:46.255340Z","level":"info","event":"\u001b[0m19:40:46  Registered adapter: postgres=1.10.0","logger":"task.stdout"}
{"timestamp":"2026-05-03T19:40:46.820339Z","level":"info","event":"\u001b[0m19:40:46  Unable to do partial parsing because saved manifest not found. Starting full parse.","logger":"task.stdout"}
{"timestamp":"2026-05-03T19:40:51.865543Z","level":"info","event":"\u001b[0m19:40:51  Found 3 models, 4 data tests, 1 source, 465 macros","logger":"task.stdout"}
{"timestamp":"2026-05-03T19:40:51.870097Z","level":"info","event":"\u001b[0m19:40:51","logger":"task.stdout"}
{"timestamp":"2026-05-03T19:40:51.871905Z","level":"info","event":"\u001b[0m19:40:51  Concurrency: 1 threads (target='dev')","logger":"task.stdout"}
{"timestamp":"2026-05-03T19:40:51.873965Z","level":"info","event":"\u001b[0m19:40:51","logger":"task.stdout"}
{"timestamp":"2026-05-03T19:40:52.332481Z","level":"info","event":"\u001b[0m19:40:52","logger":"task.stdout"}
{"timestamp":"2026-05-03T19:40:52.336556Z","level":"info","event":"\u001b[0m19:40:52  Finished running  in 0 hours 0 minutes and 0.46 seconds (0.46s).","logger":"task.stdout"}
{"timestamp":"2026-05-03T19:40:52.337367Z","level":"info","event":"\u001b[0m19:40:52  Encountered an error:","logger":"task.stdout"}
{"timestamp":"2026-05-03T19:40:52.338063Z","level":"info","event":"Database Error","logger":"task.stdout"}
{"timestamp":"2026-05-03T19:40:52.338721Z","level":"info","event":"  duplicate key value violates unique constraint \"pg_namespace_nspname_index\"","logger":"task.stdout"}
{"timestamp":"2026-05-03T19:40:52.339406Z","level":"info","event":"  DETAIL:  Key (nspname)=(staging) already exists.","logger":"task.stdout"}
{"timestamp":"2026-05-03T19:40:53.374400Z","level":"info","event":"Inlets: []","logger":"cosmos.operators.local","filename":"local.py","lineno":571}
{"timestamp":"2026-05-03T19:40:53.374639Z","level":"info","event":"Outlets: []","logger":"cosmos.operators.local","filename":"local.py","lineno":572}
{"timestamp":"2026-05-03T19:40:53.374942Z","level":"info","event":"Assigning outlets with DatasetAlias in Airflow 3","logger":"cosmos.operators.local","filename":"local.py","lineno":820}
{"timestamp":"2026-05-03T19:40:53.378209Z","level":"error","event":"Task failed with exception","logger":"task","filename":"task_runner.py","lineno":1347,"error_detail":[{"exc_type":"CosmosDbtRunError","exc_value":"dbt invocation did not complete with unhandled error: Database Error\n  duplicate key value violates unique constraint \"pg_namespace_nspname_index\"\n  DETAIL:  Key (nspname)=(staging) already exists.","exc_notes":[],"syntax_error":null,"is_cause":false,"frames":[{"filename":"/home/airflow/.local/lib/python3.11/site-packages/airflow/sdk/execution_time/task_runner.py","lineno":1263,"name":"run"},{"filename":"/home/airflow/.local/lib/python3.11/site-packages/airflow/sdk/execution_time/task_runner.py","lineno":1678,"name":"_execute_task"},{"filename":"/home/airflow/.local/lib/python3.11/site-packages/cosmos/operators/base.py","lineno":346,"name":"execute"},{"filename":"/home/airflow/.local/lib/python3.11/site-packages/cosmos/operators/local.py","lineno":884,"name":"build_and_run_cmd"},{"filename":"/home/airflow/.local/lib/python3.11/site-packages/cosmos/operators/local.py","lineno":706,"name":"run_command"},{"filename":"/home/airflow/.local/lib/python3.11/site-packages/cosmos/operators/local.py","lineno":283,"name":"handle_exception_dbt_runner"},{"filename":"/home/airflow/.local/lib/python3.11/site-packages/cosmos/dbt/runner.py","lineno":155,"name":"handle_exception_if_needed"}],"is_group":false,"exceptions":[]}]}
{"timestamp":"2026-05-03T19:40:53.978286Z","level":"error","event":"/usr/python/lib/python3.11/multiprocessing/resource_tracker.py:254: UserWarning: resource_tracker: There appear to be 2 leaked semaphore objects to clean up at shutdown","logger":"task.stderr"}
{"timestamp":"2026-05-03T19:40:54.005899Z","level":"error","event":"  warnings.warn('resource_tracker: There appear to be %d '","logger":"task.stderr"}
