{"timestamp":"2026-05-03T20:29:19.244889Z","level":"info","event":"DAG bundles loaded: dags-folder","logger":"airflow.dag_processing.bundles.manager.DagBundlesManager","filename":"manager.py","lineno":209}
{"timestamp":"2026-05-03T20:29:19.249598Z","level":"info","event":"Filling up the DagBag from /opt/airflow/dags/dbt_run.py","logger":"airflow.dag_processing.dagbag.BundleDagBag","filename":"dagbag.py","lineno":469}
{"timestamp":"2026-05-03T20:29:19.419339Z","level":"info","event":"::group::Cosmos DAG parsing logs","logger":"cosmos.converter","filename":"converter.py","lineno":286}
{"timestamp":"2026-05-03T20:29:19.436861Z","level":"info","event":"Trying to parse the dbt project using dbt ls cache cosmos_cache__smart_parking_staging...","logger":"cosmos.dbt.graph","filename":"graph.py","lineno":781}
{"timestamp":"2026-05-03T20:29:19.636689Z","level":"info","event":"Cosmos performance: time to calculate cache identifier cosmos_cache__smart_parking_staging for current version: 0.1517756530083716","logger":"cosmos.cache","filename":"cache.py","lineno":329}
{"timestamp":"2026-05-03T20:29:19.637082Z","level":"info","event":"Cosmos performance [58441a3dd589|71]: The cache size for cosmos_cache__smart_parking_staging is 3139","logger":"cosmos.dbt.graph","filename":"graph.py","lineno":798}
{"timestamp":"2026-05-03T20:29:19.637787Z","level":"info","event":"Cosmos performance: Cache hit for cosmos_cache__smart_parking_staging - 06f80ad03f59801ba561270bb110b902,d41d8cd98f00b204e9800998ecf8427e","logger":"cosmos.dbt.graph","filename":"graph.py","lineno":806}
{"timestamp":"2026-05-03T20:29:19.639278Z","level":"info","event":"Total nodes: 4","logger":"cosmos.dbt.graph","filename":"graph.py","lineno":711}
{"timestamp":"2026-05-03T20:29:19.639682Z","level":"info","event":"Total filtered nodes: 4","logger":"cosmos.dbt.graph","filename":"graph.py","lineno":712}
{"timestamp":"2026-05-03T20:29:19.757039Z","level":"info","event":"Cosmos performance (smart_parking_staging) -  [58441a3dd589|71]: It took 0.32s to parse the dbt project for DAG using LoadMode.DBT_LS_CACHE","logger":"cosmos.converter","filename":"converter.py","lineno":333}
{"timestamp":"2026-05-03T20:29:19.758789Z","level":"info","event":"Project /opt/airflow/dags/data_transform does not have {'packages.yml', 'dependencies.yml'}","logger":"cosmos.dbt.project","filename":"project.py","lineno":40}
{"timestamp":"2026-05-03T20:29:19.765107Z","level":"info","event":"Project /opt/airflow/dags/data_transform does not have {'packages.yml', 'dependencies.yml'}","logger":"cosmos.dbt.project","filename":"project.py","lineno":40}
{"timestamp":"2026-05-03T20:29:19.780175Z","level":"info","event":"Project /opt/airflow/dags/data_transform does not have {'packages.yml', 'dependencies.yml'}","logger":"cosmos.dbt.project","filename":"project.py","lineno":40}
{"timestamp":"2026-05-03T20:29:19.781625Z","level":"info","event":"Cosmos performance (smart_parking_staging) - [58441a3dd589|71]: It took 0.0246s to build the Airflow DAG.","logger":"cosmos.converter","filename":"converter.py","lineno":380}
{"timestamp":"2026-05-03T20:29:19.781893Z","level":"info","event":"::endgroup::Cosmos DAG parsing logs","logger":"cosmos.converter","filename":"converter.py","lineno":383}
{"timestamp":"2026-05-03T20:29:19.782681Z","level":"warning","event":"Import 'DAG' directly from the airflow module is deprecated and will be removed in the future. Please import it from 'airflow.sdk'.","category":"UserWarning","filename":"/home/airflow/.local/lib/python3.11/site-packages/cosmos/airflow/dag.py","lineno":9,"logger":"py.warnings"}
{"timestamp":"2026-05-03T20:29:19.782942Z","level":"warning","event":"airflow.exceptions.ParamValidationError is deprecated and will be removed in a future version. Use airflow.sdk.exceptions.ParamValidationError instead.","category":"UserWarning","filename":"/home/airflow/.local/lib/python3.11/site-packages/cosmos/converter.py","lineno":15,"logger":"py.warnings"}
{"timestamp":"2026-05-03T20:29:19.783126Z","level":"warning","event":"Import 'DAG' directly from the airflow module is deprecated and will be removed in the future. Please import it from 'airflow.sdk'.","category":"UserWarning","filename":"/home/airflow/.local/lib/python3.11/site-packages/cosmos/converter.py","lineno":16,"logger":"py.warnings"}
{"timestamp":"2026-05-03T20:29:19.783342Z","level":"warning","event":"Import 'DAG' directly from the airflow module is deprecated and will be removed in the future. Please import it from 'airflow.sdk'.","category":"UserWarning","filename":"/home/airflow/.local/lib/python3.11/site-packages/cosmos/airflow/graph.py","lineno":14,"logger":"py.warnings"}
{"timestamp":"2026-05-03T20:29:19.783497Z","level":"warning","event":"Import 'DAG' directly from the airflow module is deprecated and will be removed in the future. Please import it from 'airflow.sdk'.","category":"UserWarning","filename":"/home/airflow/.local/lib/python3.11/site-packages/cosmos/core/airflow.py","lineno":11,"logger":"py.warnings"}
{"timestamp":"2026-05-03T20:29:19.783660Z","level":"warning","event":"Using Variable.get from `airflow.models` is deprecated.Please use `get` on Variable from sdk(`airflow.sdk.Variable`) instead","category":"UserWarning","filename":"/home/airflow/.local/lib/python3.11/site-packages/airflow/models/variable.py","lineno":158,"logger":"py.warnings"}
{"timestamp":"2026-05-03T20:29:22.971373Z","level":"info","event":"dbtRunner is available. Using dbtRunner for invoking dbt.","logger":"cosmos.operators.local","filename":"local.py","lineno":269}
{"timestamp":"2026-05-03T20:29:22.972713Z","level":"info","event":"Cloning project to writable temp directory /tmp/tmp9qvu0plp from /opt/airflow/dags/data_transform","logger":"cosmos.operators.local","filename":"local.py","lineno":494}
{"timestamp":"2026-05-03T20:29:22.979532Z","level":"info","event":"Partial parse is enabled and the latest partial parse file is /tmp/cosmos/smart_parking_staging/target/partial_parse.msgpack","logger":"cosmos.operators.local","filename":"local.py","lineno":514}
{"timestamp":"2026-05-03T20:29:22.993199Z","level":"info","event":"Profile caching is enable.","logger":"cosmos.config","filename":"config.py","lineno":382}
{"timestamp":"2026-05-03T20:29:22.994601Z","level":"warning","event":"Skipping masking for a secret as it's too short (<5 chars)","logger":"airflow.sdk._shared.secrets_masker.secrets_masker","filename":"secrets_masker.py","lineno":577}
{"timestamp":"2026-05-03T20:29:22.998636Z","level":"info","event":"Profile found in cache using profile: /tmp/cosmos/profile/f11e3abe3d9294e4464481193b352266a8e60e5e3203d9f10fc6906da966822a/profiles.yml.","logger":"cosmos.config","filename":"config.py","lineno":362}
{"timestamp":"2026-05-03T20:29:22.999575Z","level":"info","event":"Trying to run dbtRunner with:\n ['run', '--select', 'fqn:data_transform.staging.stg_parkings', '--project-dir', '/tmp/tmp9qvu0plp', '--profiles-dir', '/tmp/cosmos/profile/f11e3abe3d9294e4464481193b352266a8e60e5e3203d9f10fc6906da966822a', '--profile', 'smartparking', '--target', 'dev', '--no-static-parser']\n in /tmp/tmp9qvu0plp","logger":"cosmos.dbt.runner","filename":"runner.py","lineno":98}
{"timestamp":"2026-05-03T20:29:23.174891Z","level":"info","event":"\u001b[0m20:29:23  Running with dbt=1.11.8","logger":"task.stdout"}
{"timestamp":"2026-05-03T20:29:23.520396Z","level":"info","event":"::group::Cosmos DAG parsing logs","logger":"cosmos.converter","filename":"converter.py","lineno":286}
{"timestamp":"2026-05-03T20:29:23.524710Z","level":"info","event":"Trying to parse the dbt project using dbt ls cache cosmos_cache__smart_parking_staging...","logger":"cosmos.dbt.graph","filename":"graph.py","lineno":781}
{"timestamp":"2026-05-03T20:29:23.525156Z","level":"warning","event":"Using Variable.get from `airflow.models` is deprecated.Please use `get` on Variable from sdk(`airflow.sdk.Variable`) instead","category":"DeprecationWarning","filename":"/home/airflow/.local/lib/python3.11/site-packages/airflow/models/variable.py","lineno":158,"logger":"py.warnings"}
{"timestamp":"2026-05-03T20:29:23.621553Z","level":"info","event":"Cosmos performance: time to calculate cache identifier cosmos_cache__smart_parking_staging for current version: 0.07517407000705134","logger":"cosmos.cache","filename":"cache.py","lineno":329}
{"timestamp":"2026-05-03T20:29:23.621887Z","level":"info","event":"Cosmos performance [58441a3dd589|71]: The cache size for cosmos_cache__smart_parking_staging is 3139","logger":"cosmos.dbt.graph","filename":"graph.py","lineno":798}
{"timestamp":"2026-05-03T20:29:23.622971Z","level":"info","event":"Cosmos performance: Cache hit for cosmos_cache__smart_parking_staging - 06f80ad03f59801ba561270bb110b902,d41d8cd98f00b204e9800998ecf8427e","logger":"cosmos.dbt.graph","filename":"graph.py","lineno":806}
{"timestamp":"2026-05-03T20:29:23.623350Z","level":"info","event":"Total nodes: 4","logger":"cosmos.dbt.graph","filename":"graph.py","lineno":711}
{"timestamp":"2026-05-03T20:29:23.623598Z","level":"info","event":"Total filtered nodes: 4","logger":"cosmos.dbt.graph","filename":"graph.py","lineno":712}
{"timestamp":"2026-05-03T20:29:23.696954Z","level":"info","event":"Cosmos performance (smart_parking_staging) -  [58441a3dd589|71]: It took 0.172s to parse the dbt project for DAG using LoadMode.DBT_LS_CACHE","logger":"cosmos.converter","filename":"converter.py","lineno":333}
{"timestamp":"2026-05-03T20:29:23.698396Z","level":"info","event":"Project /opt/airflow/dags/data_transform does not have {'packages.yml', 'dependencies.yml'}","logger":"cosmos.dbt.project","filename":"project.py","lineno":40}
{"timestamp":"2026-05-03T20:29:23.700941Z","level":"info","event":"Project /opt/airflow/dags/data_transform does not have {'packages.yml', 'dependencies.yml'}","logger":"cosmos.dbt.project","filename":"project.py","lineno":40}
{"timestamp":"2026-05-03T20:29:23.703804Z","level":"info","event":"Project /opt/airflow/dags/data_transform does not have {'packages.yml', 'dependencies.yml'}","logger":"cosmos.dbt.project","filename":"project.py","lineno":40}
{"timestamp":"2026-05-03T20:29:23.704985Z","level":"info","event":"Cosmos performance (smart_parking_staging) - [58441a3dd589|71]: It took 0.00812s to build the Airflow DAG.","logger":"cosmos.converter","filename":"converter.py","lineno":380}
{"timestamp":"2026-05-03T20:29:23.705239Z","level":"info","event":"::endgroup::Cosmos DAG parsing logs","logger":"cosmos.converter","filename":"converter.py","lineno":383}
{"timestamp":"2026-05-03T20:29:23.903527Z","level":"info","event":"\u001b[0m20:29:23  Registered adapter: postgres=1.10.0","logger":"task.stdout"}
{"timestamp":"2026-05-03T20:29:25.597156Z","level":"info","event":"\u001b[0m20:29:25  [\u001b[33mWARNING\u001b[0m]: Configuration paths exist in your dbt_project.yml file which do not apply to any resources.","logger":"task.stdout"}
{"timestamp":"2026-05-03T20:29:25.597802Z","level":"info","event":"There are 1 unused configuration paths:","logger":"task.stdout"}
{"timestamp":"2026-05-03T20:29:25.598383Z","level":"info","event":"- models.data_transform.example","logger":"task.stdout"}
{"timestamp":"2026-05-03T20:29:25.801700Z","level":"info","event":"\u001b[0m20:29:25  Found 2 models, 2 sources, 465 macros","logger":"task.stdout"}
{"timestamp":"2026-05-03T20:29:25.806746Z","level":"info","event":"\u001b[0m20:29:25","logger":"task.stdout"}
{"timestamp":"2026-05-03T20:29:25.807971Z","level":"info","event":"\u001b[0m20:29:25  Concurrency: 1 threads (target='dev')","logger":"task.stdout"}
{"timestamp":"2026-05-03T20:29:25.808729Z","level":"info","event":"\u001b[0m20:29:25","logger":"task.stdout"}
{"timestamp":"2026-05-03T20:29:26.009566Z","level":"info","event":"\u001b[0m20:29:26  1 of 1 START sql view model staging.stg_parkings ............................... [RUN]","logger":"task.stdout"}
{"timestamp":"2026-05-03T20:29:26.268891Z","level":"info","event":"\u001b[0m20:29:26  1 of 1 OK created sql view model staging.stg_parkings .......................... [\u001b[32mCREATE VIEW\u001b[0m in 0.26s]","logger":"task.stdout"}
{"timestamp":"2026-05-03T20:29:26.294568Z","level":"info","event":"\u001b[0m20:29:26","logger":"task.stdout"}
{"timestamp":"2026-05-03T20:29:26.295538Z","level":"info","event":"\u001b[0m20:29:26  Finished running 1 view model in 0 hours 0 minutes and 0.48 seconds (0.48s).","logger":"task.stdout"}
{"timestamp":"2026-05-03T20:29:26.367107Z","level":"info","event":"\u001b[0m20:29:26","logger":"task.stdout"}
{"timestamp":"2026-05-03T20:29:26.368649Z","level":"info","event":"\u001b[0m20:29:26  \u001b[32mCompleted successfully\u001b[0m","logger":"task.stdout"}
{"timestamp":"2026-05-03T20:29:26.369672Z","level":"info","event":"\u001b[0m20:29:26","logger":"task.stdout"}
{"timestamp":"2026-05-03T20:29:26.370794Z","level":"info","event":"\u001b[0m20:29:26  Done. PASS=1 WARN=0 ERROR=0 SKIP=0 NO-OP=0 TOTAL=1","logger":"task.stdout"}
{"timestamp":"2026-05-03T20:29:27.365189Z","level":"warning","event":"Airflow 3.0.0 Asset (Dataset) URIs validation rules changed and OpenLineage URIs (standard used by Cosmos) are no longer accepted. Therefore, if using Cosmos with Airflow 3, the Airflow Asset (Dataset) URI is now <postgres://oltp:5432/smart_parking/public/parkings>. Before, with Airflow 2.x, the URI used to be <postgres://oltp:5432/smart_parking.public.parkings>. Please, change any DAGs that were scheduled using the old standard to the new one.","logger":"cosmos.dataset","filename":"dataset.py","lineno":227}
{"timestamp":"2026-05-03T20:29:27.368480Z","level":"warning","event":"Airflow 3.0.0 Asset (Dataset) URIs validation rules changed and OpenLineage URIs (standard used by Cosmos) are no longer accepted. Therefore, if using Cosmos with Airflow 3, the Airflow Asset (Dataset) URI is now <postgres://oltp:5432/smart_parking/staging/stg_parkings>. Before, with Airflow 2.x, the URI used to be <postgres://oltp:5432/smart_parking.staging.stg_parkings>. Please, change any DAGs that were scheduled using the old standard to the new one.","logger":"cosmos.dataset","filename":"dataset.py","lineno":227}
{"timestamp":"2026-05-03T20:29:27.369874Z","level":"info","event":"Inlets: [Asset(name='postgres://oltp:5432/smart_parking/public/parkings', uri='postgres://oltp:5432/smart_parking/public/parkings', group='asset', extra={}, watchers=[])]","logger":"cosmos.operators.local","filename":"local.py","lineno":571}
{"timestamp":"2026-05-03T20:29:27.370134Z","level":"info","event":"Outlets: [Asset(name='postgres://oltp:5432/smart_parking/staging/stg_parkings', uri='postgres://oltp:5432/smart_parking/staging/stg_parkings', group='asset', extra={}, watchers=[])]","logger":"cosmos.operators.local","filename":"local.py","lineno":572}
{"timestamp":"2026-05-03T20:29:27.370735Z","level":"info","event":"Assigning outlets with DatasetAlias in Airflow 3","logger":"cosmos.operators.local","filename":"local.py","lineno":820}
