{"timestamp":"2026-05-03T19:40:40.649788Z","level":"info","event":"DAG bundles loaded: dags-folder","logger":"airflow.dag_processing.bundles.manager.DagBundlesManager","filename":"manager.py","lineno":209}
{"timestamp":"2026-05-03T19:40:40.663614Z","level":"info","event":"Filling up the DagBag from /opt/airflow/dags/dbt_run.py","logger":"airflow.dag_processing.dagbag.BundleDagBag","filename":"dagbag.py","lineno":469}
{"timestamp":"2026-05-03T19:40:40.748850Z","level":"info","event":"::group::Cosmos DAG parsing logs","logger":"cosmos.converter","filename":"converter.py","lineno":286}
{"timestamp":"2026-05-03T19:40:40.765527Z","level":"info","event":"Trying to parse the dbt project using dbt ls cache cosmos_cache__smart_parking_staging...","logger":"cosmos.dbt.graph","filename":"graph.py","lineno":781}
{"timestamp":"2026-05-03T19:40:40.890221Z","level":"info","event":"Cosmos performance: time to calculate cache identifier cosmos_cache__smart_parking_staging for current version: 0.06476216099690646","logger":"cosmos.cache","filename":"cache.py","lineno":329}
{"timestamp":"2026-05-03T19:40:40.890610Z","level":"info","event":"Cosmos performance [d1de8f0db6fa|55]: The cache size for cosmos_cache__smart_parking_staging is 6279","logger":"cosmos.dbt.graph","filename":"graph.py","lineno":798}
{"timestamp":"2026-05-03T19:40:40.891868Z","level":"info","event":"Cosmos performance: Cache hit for cosmos_cache__smart_parking_staging - 96891653dea91b2b7c841d7673282ea6,d41d8cd98f00b204e9800998ecf8427e","logger":"cosmos.dbt.graph","filename":"graph.py","lineno":806}
{"timestamp":"2026-05-03T19:40:40.893029Z","level":"info","event":"Total nodes: 8","logger":"cosmos.dbt.graph","filename":"graph.py","lineno":711}
{"timestamp":"2026-05-03T19:40:40.893348Z","level":"info","event":"Total filtered nodes: 8","logger":"cosmos.dbt.graph","filename":"graph.py","lineno":712}
{"timestamp":"2026-05-03T19:40:40.977064Z","level":"info","event":"Cosmos performance (smart_parking_staging) -  [d1de8f0db6fa|55]: It took 0.212s to parse the dbt project for DAG using LoadMode.DBT_LS_CACHE","logger":"cosmos.converter","filename":"converter.py","lineno":333}
{"timestamp":"2026-05-03T19:40:40.978358Z","level":"info","event":"Project /opt/airflow/dags/data_transform does not have {'packages.yml', 'dependencies.yml'}","logger":"cosmos.dbt.project","filename":"project.py","lineno":40}
{"timestamp":"2026-05-03T19:40:40.987160Z","level":"info","event":"Project /opt/airflow/dags/data_transform does not have {'packages.yml', 'dependencies.yml'}","logger":"cosmos.dbt.project","filename":"project.py","lineno":40}
{"timestamp":"2026-05-03T19:40:41.002213Z","level":"info","event":"Project /opt/airflow/dags/data_transform does not have {'packages.yml', 'dependencies.yml'}","logger":"cosmos.dbt.project","filename":"project.py","lineno":40}
{"timestamp":"2026-05-03T19:40:41.010414Z","level":"info","event":"Project /opt/airflow/dags/data_transform does not have {'packages.yml', 'dependencies.yml'}","logger":"cosmos.dbt.project","filename":"project.py","lineno":40}
{"timestamp":"2026-05-03T19:40:41.015047Z","level":"info","event":"Project /opt/airflow/dags/data_transform does not have {'packages.yml', 'dependencies.yml'}","logger":"cosmos.dbt.project","filename":"project.py","lineno":40}
{"timestamp":"2026-05-03T19:40:41.020025Z","level":"info","event":"Project /opt/airflow/dags/data_transform does not have {'packages.yml', 'dependencies.yml'}","logger":"cosmos.dbt.project","filename":"project.py","lineno":40}
{"timestamp":"2026-05-03T19:40:41.023699Z","level":"info","event":"Cosmos performance (smart_parking_staging) - [d1de8f0db6fa|55]: It took 0.0467s to build the Airflow DAG.","logger":"cosmos.converter","filename":"converter.py","lineno":380}
{"timestamp":"2026-05-03T19:40:41.024936Z","level":"info","event":"::endgroup::Cosmos DAG parsing logs","logger":"cosmos.converter","filename":"converter.py","lineno":383}
{"timestamp":"2026-05-03T19:40:41.026786Z","level":"warning","event":"Import 'DAG' directly from the airflow module is deprecated and will be removed in the future. Please import it from 'airflow.sdk'.","category":"UserWarning","filename":"/home/airflow/.local/lib/python3.11/site-packages/cosmos/airflow/dag.py","lineno":9,"logger":"py.warnings"}
{"timestamp":"2026-05-03T19:40:41.028072Z","level":"warning","event":"airflow.exceptions.ParamValidationError is deprecated and will be removed in a future version. Use airflow.sdk.exceptions.ParamValidationError instead.","category":"UserWarning","filename":"/home/airflow/.local/lib/python3.11/site-packages/cosmos/converter.py","lineno":15,"logger":"py.warnings"}
{"timestamp":"2026-05-03T19:40:41.029337Z","level":"warning","event":"Import 'DAG' directly from the airflow module is deprecated and will be removed in the future. Please import it from 'airflow.sdk'.","category":"UserWarning","filename":"/home/airflow/.local/lib/python3.11/site-packages/cosmos/converter.py","lineno":16,"logger":"py.warnings"}
{"timestamp":"2026-05-03T19:40:41.030389Z","level":"warning","event":"Import 'DAG' directly from the airflow module is deprecated and will be removed in the future. Please import it from 'airflow.sdk'.","category":"UserWarning","filename":"/home/airflow/.local/lib/python3.11/site-packages/cosmos/airflow/graph.py","lineno":14,"logger":"py.warnings"}
{"timestamp":"2026-05-03T19:40:41.031742Z","level":"warning","event":"Import 'DAG' directly from the airflow module is deprecated and will be removed in the future. Please import it from 'airflow.sdk'.","category":"UserWarning","filename":"/home/airflow/.local/lib/python3.11/site-packages/cosmos/core/airflow.py","lineno":11,"logger":"py.warnings"}
{"timestamp":"2026-05-03T19:40:41.033068Z","level":"warning","event":"Using Variable.get from `airflow.models` is deprecated.Please use `get` on Variable from sdk(`airflow.sdk.Variable`) instead","category":"UserWarning","filename":"/home/airflow/.local/lib/python3.11/site-packages/airflow/models/variable.py","lineno":158,"logger":"py.warnings"}
{"timestamp":"2026-05-03T19:40:44.752281Z","level":"info","event":"dbtRunner is available. Using dbtRunner for invoking dbt.","logger":"cosmos.operators.local","filename":"local.py","lineno":269}
{"timestamp":"2026-05-03T19:40:44.754811Z","level":"info","event":"Cloning project to writable temp directory /tmp/tmp__tm5t5s from /opt/airflow/dags/data_transform","logger":"cosmos.operators.local","filename":"local.py","lineno":494}
{"timestamp":"2026-05-03T19:40:44.794672Z","level":"info","event":"Partial parse is enabled and the latest partial parse file is None","logger":"cosmos.operators.local","filename":"local.py","lineno":514}
{"timestamp":"2026-05-03T19:40:44.795006Z","level":"info","event":"Profile caching is enable.","logger":"cosmos.config","filename":"config.py","lineno":382}
{"timestamp":"2026-05-03T19:40:44.796566Z","level":"warning","event":"Skipping masking for a secret as it's too short (<5 chars)","logger":"airflow.sdk._shared.secrets_masker.secrets_masker","filename":"secrets_masker.py","lineno":577}
{"timestamp":"2026-05-03T19:40:44.804627Z","level":"info","event":"Using real values for profile smartparking","logger":"cosmos.profiles.base","filename":"base.py","lineno":259}
{"timestamp":"2026-05-03T19:40:44.814301Z","level":"info","event":"Profile not found in cache storing and using profile: /tmp/cosmos/profile/f11e3abe3d9294e4464481193b352266a8e60e5e3203d9f10fc6906da966822a/profiles.yml.","logger":"cosmos.config","filename":"config.py","lineno":369}
{"timestamp":"2026-05-03T19:40:44.815259Z","level":"info","event":"Trying to run dbtRunner with:\n ['run', '--select', 'fqn:data_transform.example.my_first_dbt_model', '--project-dir', '/tmp/tmp__tm5t5s', '--profiles-dir', '/tmp/cosmos/profile/f11e3abe3d9294e4464481193b352266a8e60e5e3203d9f10fc6906da966822a', '--profile', 'smartparking', '--target', 'dev', '--no-static-parser']\n in /tmp/tmp__tm5t5s","logger":"cosmos.dbt.runner","filename":"runner.py","lineno":98}
{"timestamp":"2026-05-03T19:40:45.149864Z","level":"info","event":"\u001b[0m19:40:45  Running with dbt=1.11.8","logger":"task.stdout"}
{"timestamp":"2026-05-03T19:40:45.585454Z","level":"info","event":"::group::Cosmos DAG parsing logs","logger":"cosmos.converter","filename":"converter.py","lineno":286}
{"timestamp":"2026-05-03T19:40:45.589340Z","level":"info","event":"Trying to parse the dbt project using dbt ls cache cosmos_cache__smart_parking_staging...","logger":"cosmos.dbt.graph","filename":"graph.py","lineno":781}
{"timestamp":"2026-05-03T19:40:45.589691Z","level":"warning","event":"Using Variable.get from `airflow.models` is deprecated.Please use `get` on Variable from sdk(`airflow.sdk.Variable`) instead","category":"DeprecationWarning","filename":"/home/airflow/.local/lib/python3.11/site-packages/airflow/models/variable.py","lineno":158,"logger":"py.warnings"}
{"timestamp":"2026-05-03T19:40:45.823150Z","level":"info","event":"Cosmos performance: time to calculate cache identifier cosmos_cache__smart_parking_staging for current version: 0.20293856599892024","logger":"cosmos.cache","filename":"cache.py","lineno":329}
{"timestamp":"2026-05-03T19:40:45.823517Z","level":"info","event":"Cosmos performance [d1de8f0db6fa|55]: The cache size for cosmos_cache__smart_parking_staging is 6279","logger":"cosmos.dbt.graph","filename":"graph.py","lineno":798}
{"timestamp":"2026-05-03T19:40:45.825686Z","level":"info","event":"Cosmos performance: Cache hit for cosmos_cache__smart_parking_staging - 96891653dea91b2b7c841d7673282ea6,d41d8cd98f00b204e9800998ecf8427e","logger":"cosmos.dbt.graph","filename":"graph.py","lineno":806}
{"timestamp":"2026-05-03T19:40:45.825971Z","level":"info","event":"Total nodes: 8","logger":"cosmos.dbt.graph","filename":"graph.py","lineno":711}
{"timestamp":"2026-05-03T19:40:45.826137Z","level":"info","event":"Total filtered nodes: 8","logger":"cosmos.dbt.graph","filename":"graph.py","lineno":712}
{"timestamp":"2026-05-03T19:40:45.924438Z","level":"info","event":"Cosmos performance (smart_parking_staging) -  [d1de8f0db6fa|55]: It took 0.335s to parse the dbt project for DAG using LoadMode.DBT_LS_CACHE","logger":"cosmos.converter","filename":"converter.py","lineno":333}
{"timestamp":"2026-05-03T19:40:45.926109Z","level":"info","event":"Project /opt/airflow/dags/data_transform does not have {'packages.yml', 'dependencies.yml'}","logger":"cosmos.dbt.project","filename":"project.py","lineno":40}
{"timestamp":"2026-05-03T19:40:45.932644Z","level":"info","event":"Project /opt/airflow/dags/data_transform does not have {'packages.yml', 'dependencies.yml'}","logger":"cosmos.dbt.project","filename":"project.py","lineno":40}
{"timestamp":"2026-05-03T19:40:45.940211Z","level":"info","event":"Project /opt/airflow/dags/data_transform does not have {'packages.yml', 'dependencies.yml'}","logger":"cosmos.dbt.project","filename":"project.py","lineno":40}
{"timestamp":"2026-05-03T19:40:45.943530Z","level":"info","event":"Project /opt/airflow/dags/data_transform does not have {'packages.yml', 'dependencies.yml'}","logger":"cosmos.dbt.project","filename":"project.py","lineno":40}
{"timestamp":"2026-05-03T19:40:45.948150Z","level":"info","event":"Project /opt/airflow/dags/data_transform does not have {'packages.yml', 'dependencies.yml'}","logger":"cosmos.dbt.project","filename":"project.py","lineno":40}
{"timestamp":"2026-05-03T19:40:45.953407Z","level":"info","event":"Project /opt/airflow/dags/data_transform does not have {'packages.yml', 'dependencies.yml'}","logger":"cosmos.dbt.project","filename":"project.py","lineno":40}
{"timestamp":"2026-05-03T19:40:45.956211Z","level":"info","event":"Cosmos performance (smart_parking_staging) - [d1de8f0db6fa|55]: It took 0.0316s to build the Airflow DAG.","logger":"cosmos.converter","filename":"converter.py","lineno":380}
{"timestamp":"2026-05-03T19:40:45.956467Z","level":"info","event":"::endgroup::Cosmos DAG parsing logs","logger":"cosmos.converter","filename":"converter.py","lineno":383}
{"timestamp":"2026-05-03T19:40:46.193328Z","level":"info","event":"\u001b[0m19:40:46  Registered adapter: postgres=1.10.0","logger":"task.stdout"}
{"timestamp":"2026-05-03T19:40:46.720514Z","level":"info","event":"\u001b[0m19:40:46  Unable to do partial parsing because saved manifest not found. Starting full parse.","logger":"task.stdout"}
{"timestamp":"2026-05-03T19:40:51.842982Z","level":"info","event":"\u001b[0m19:40:51  Found 3 models, 4 data tests, 1 source, 465 macros","logger":"task.stdout"}
{"timestamp":"2026-05-03T19:40:51.850047Z","level":"info","event":"\u001b[0m19:40:51","logger":"task.stdout"}
{"timestamp":"2026-05-03T19:40:51.851346Z","level":"info","event":"\u001b[0m19:40:51  Concurrency: 1 threads (target='dev')","logger":"task.stdout"}
{"timestamp":"2026-05-03T19:40:51.852477Z","level":"info","event":"\u001b[0m19:40:51","logger":"task.stdout"}
{"timestamp":"2026-05-03T19:40:52.496200Z","level":"info","event":"\u001b[0m19:40:52  1 of 1 START sql table model staging.my_first_dbt_model ........................ [RUN]","logger":"task.stdout"}
{"timestamp":"2026-05-03T19:40:52.871008Z","level":"info","event":"\u001b[0m19:40:52  1 of 1 OK created sql table model staging.my_first_dbt_model ................... [\u001b[32mSELECT 2\u001b[0m in 0.37s]","logger":"task.stdout"}
{"timestamp":"2026-05-03T19:40:52.918526Z","level":"info","event":"\u001b[0m19:40:52","logger":"task.stdout"}
{"timestamp":"2026-05-03T19:40:52.926746Z","level":"info","event":"\u001b[0m19:40:52  Finished running 1 table model in 0 hours 0 minutes and 1.06 seconds (1.06s).","logger":"task.stdout"}
{"timestamp":"2026-05-03T19:40:53.120134Z","level":"info","event":"\u001b[0m19:40:53","logger":"task.stdout"}
{"timestamp":"2026-05-03T19:40:53.121371Z","level":"info","event":"\u001b[0m19:40:53  \u001b[32mCompleted successfully\u001b[0m","logger":"task.stdout"}
{"timestamp":"2026-05-03T19:40:53.122558Z","level":"info","event":"\u001b[0m19:40:53","logger":"task.stdout"}
{"timestamp":"2026-05-03T19:40:53.123649Z","level":"info","event":"\u001b[0m19:40:53  Done. PASS=1 WARN=0 ERROR=0 SKIP=0 NO-OP=0 TOTAL=1","logger":"task.stdout"}
{"timestamp":"2026-05-03T19:40:54.045207Z","level":"warning","event":"Airflow 3.0.0 Asset (Dataset) URIs validation rules changed and OpenLineage URIs (standard used by Cosmos) are no longer accepted. Therefore, if using Cosmos with Airflow 3, the Airflow Asset (Dataset) URI is now <postgres://oltp:5432/smart_parking/staging/my_first_dbt_model>. Before, with Airflow 2.x, the URI used to be <postgres://oltp:5432/smart_parking.staging.my_first_dbt_model>. Please, change any DAGs that were scheduled using the old standard to the new one.","logger":"cosmos.dataset","filename":"dataset.py","lineno":227}
{"timestamp":"2026-05-03T19:40:54.064072Z","level":"info","event":"Inlets: []","logger":"cosmos.operators.local","filename":"local.py","lineno":571}
{"timestamp":"2026-05-03T19:40:54.065774Z","level":"info","event":"Outlets: [Asset(name='postgres://oltp:5432/smart_parking/staging/my_first_dbt_model', uri='postgres://oltp:5432/smart_parking/staging/my_first_dbt_model', group='asset', extra={}, watchers=[])]","logger":"cosmos.operators.local","filename":"local.py","lineno":572}
{"timestamp":"2026-05-03T19:40:54.067168Z","level":"info","event":"Assigning outlets with DatasetAlias in Airflow 3","logger":"cosmos.operators.local","filename":"local.py","lineno":820}
