{"timestamp":"2026-05-03T20:07:19.890970Z","level":"info","event":"DAG bundles loaded: dags-folder","logger":"airflow.dag_processing.bundles.manager.DagBundlesManager","filename":"manager.py","lineno":209}
{"timestamp":"2026-05-03T20:07:19.893504Z","level":"info","event":"Filling up the DagBag from /opt/airflow/dags/dbt_run.py","logger":"airflow.dag_processing.dagbag.BundleDagBag","filename":"dagbag.py","lineno":469}
{"timestamp":"2026-05-03T20:07:19.949064Z","level":"info","event":"::group::Cosmos DAG parsing logs","logger":"cosmos.converter","filename":"converter.py","lineno":286}
{"timestamp":"2026-05-03T20:07:19.953985Z","level":"info","event":"Trying to parse the dbt project using dbt ls cache cosmos_cache__smart_parking_staging...","logger":"cosmos.dbt.graph","filename":"graph.py","lineno":781}
{"timestamp":"2026-05-03T20:07:20.034744Z","level":"info","event":"Cosmos performance: time to calculate cache identifier cosmos_cache__smart_parking_staging for current version: 0.04013602501072455","logger":"cosmos.cache","filename":"cache.py","lineno":329}
{"timestamp":"2026-05-03T20:07:20.035041Z","level":"info","event":"Cosmos performance [58441a3dd589|54]: The cache size for cosmos_cache__smart_parking_staging is 1549","logger":"cosmos.dbt.graph","filename":"graph.py","lineno":798}
{"timestamp":"2026-05-03T20:07:20.035555Z","level":"info","event":"Cosmos performance: Cache hit for cosmos_cache__smart_parking_staging - 24f947bd2ebf439bfd906d134ba39523,d41d8cd98f00b204e9800998ecf8427e","logger":"cosmos.dbt.graph","filename":"graph.py","lineno":806}
{"timestamp":"2026-05-03T20:07:20.036638Z","level":"info","event":"Total nodes: 2","logger":"cosmos.dbt.graph","filename":"graph.py","lineno":711}
{"timestamp":"2026-05-03T20:07:20.036898Z","level":"info","event":"Total filtered nodes: 2","logger":"cosmos.dbt.graph","filename":"graph.py","lineno":712}
{"timestamp":"2026-05-03T20:07:20.073209Z","level":"info","event":"Cosmos performance (smart_parking_staging) -  [58441a3dd589|54]: It took 0.119s to parse the dbt project for DAG using LoadMode.DBT_LS_CACHE","logger":"cosmos.converter","filename":"converter.py","lineno":333}
{"timestamp":"2026-05-03T20:07:20.076168Z","level":"info","event":"Project /opt/airflow/dags/data_transform does not have {'packages.yml', 'dependencies.yml'}","logger":"cosmos.dbt.project","filename":"project.py","lineno":40}
{"timestamp":"2026-05-03T20:07:20.079591Z","level":"info","event":"Project /opt/airflow/dags/data_transform does not have {'packages.yml', 'dependencies.yml'}","logger":"cosmos.dbt.project","filename":"project.py","lineno":40}
{"timestamp":"2026-05-03T20:07:20.081321Z","level":"info","event":"Cosmos performance (smart_parking_staging) - [58441a3dd589|54]: It took 0.00813s to build the Airflow DAG.","logger":"cosmos.converter","filename":"converter.py","lineno":380}
{"timestamp":"2026-05-03T20:07:20.081522Z","level":"info","event":"::endgroup::Cosmos DAG parsing logs","logger":"cosmos.converter","filename":"converter.py","lineno":383}
{"timestamp":"2026-05-03T20:07:20.082126Z","level":"warning","event":"Import 'DAG' directly from the airflow module is deprecated and will be removed in the future. Please import it from 'airflow.sdk'.","category":"UserWarning","filename":"/home/airflow/.local/lib/python3.11/site-packages/cosmos/airflow/dag.py","lineno":9,"logger":"py.warnings"}
{"timestamp":"2026-05-03T20:07:20.082340Z","level":"warning","event":"airflow.exceptions.ParamValidationError is deprecated and will be removed in a future version. Use airflow.sdk.exceptions.ParamValidationError instead.","category":"UserWarning","filename":"/home/airflow/.local/lib/python3.11/site-packages/cosmos/converter.py","lineno":15,"logger":"py.warnings"}
{"timestamp":"2026-05-03T20:07:20.082508Z","level":"warning","event":"Import 'DAG' directly from the airflow module is deprecated and will be removed in the future. Please import it from 'airflow.sdk'.","category":"UserWarning","filename":"/home/airflow/.local/lib/python3.11/site-packages/cosmos/converter.py","lineno":16,"logger":"py.warnings"}
{"timestamp":"2026-05-03T20:07:20.082656Z","level":"warning","event":"Import 'DAG' directly from the airflow module is deprecated and will be removed in the future. Please import it from 'airflow.sdk'.","category":"UserWarning","filename":"/home/airflow/.local/lib/python3.11/site-packages/cosmos/airflow/graph.py","lineno":14,"logger":"py.warnings"}
{"timestamp":"2026-05-03T20:07:20.082815Z","level":"warning","event":"Import 'DAG' directly from the airflow module is deprecated and will be removed in the future. Please import it from 'airflow.sdk'.","category":"UserWarning","filename":"/home/airflow/.local/lib/python3.11/site-packages/cosmos/core/airflow.py","lineno":11,"logger":"py.warnings"}
{"timestamp":"2026-05-03T20:07:20.082969Z","level":"warning","event":"Using Variable.get from `airflow.models` is deprecated.Please use `get` on Variable from sdk(`airflow.sdk.Variable`) instead","category":"UserWarning","filename":"/home/airflow/.local/lib/python3.11/site-packages/airflow/models/variable.py","lineno":158,"logger":"py.warnings"}
{"timestamp":"2026-05-03T20:07:22.536791Z","level":"info","event":"dbtRunner is available. Using dbtRunner for invoking dbt.","logger":"cosmos.operators.local","filename":"local.py","lineno":269}
{"timestamp":"2026-05-03T20:07:22.545243Z","level":"info","event":"Cloning project to writable temp directory /tmp/tmpgxja5z7t from /opt/airflow/dags/data_transform","logger":"cosmos.operators.local","filename":"local.py","lineno":494}
{"timestamp":"2026-05-03T20:07:22.563774Z","level":"info","event":"Partial parse is enabled and the latest partial parse file is None","logger":"cosmos.operators.local","filename":"local.py","lineno":514}
{"timestamp":"2026-05-03T20:07:22.564797Z","level":"info","event":"Profile caching is enable.","logger":"cosmos.config","filename":"config.py","lineno":382}
{"timestamp":"2026-05-03T20:07:22.566268Z","level":"warning","event":"Skipping masking for a secret as it's too short (<5 chars)","logger":"airflow.sdk._shared.secrets_masker.secrets_masker","filename":"secrets_masker.py","lineno":577}
{"timestamp":"2026-05-03T20:07:22.571248Z","level":"info","event":"Profile found in cache using profile: /tmp/cosmos/profile/f11e3abe3d9294e4464481193b352266a8e60e5e3203d9f10fc6906da966822a/profiles.yml.","logger":"cosmos.config","filename":"config.py","lineno":362}
{"timestamp":"2026-05-03T20:07:22.572136Z","level":"info","event":"Trying to run dbtRunner with:\n ['run', '--select', 'fqn:data_transform.staging.stg_parkings', '--project-dir', '/tmp/tmpgxja5z7t', '--profiles-dir', '/tmp/cosmos/profile/f11e3abe3d9294e4464481193b352266a8e60e5e3203d9f10fc6906da966822a', '--profile', 'smartparking', '--target', 'dev', '--no-static-parser']\n in /tmp/tmpgxja5z7t","logger":"cosmos.dbt.runner","filename":"runner.py","lineno":98}
{"timestamp":"2026-05-03T20:07:22.891747Z","level":"info","event":"\u001b[0m20:07:22  Running with dbt=1.11.8","logger":"task.stdout"}
{"timestamp":"2026-05-03T20:07:23.185129Z","level":"info","event":"::group::Cosmos DAG parsing logs","logger":"cosmos.converter","filename":"converter.py","lineno":286}
{"timestamp":"2026-05-03T20:07:23.188095Z","level":"info","event":"Trying to parse the dbt project using dbt ls cache cosmos_cache__smart_parking_staging...","logger":"cosmos.dbt.graph","filename":"graph.py","lineno":781}
{"timestamp":"2026-05-03T20:07:23.188410Z","level":"warning","event":"Using Variable.get from `airflow.models` is deprecated.Please use `get` on Variable from sdk(`airflow.sdk.Variable`) instead","category":"DeprecationWarning","filename":"/home/airflow/.local/lib/python3.11/site-packages/airflow/models/variable.py","lineno":158,"logger":"py.warnings"}
{"timestamp":"2026-05-03T20:07:23.244556Z","level":"info","event":"Cosmos performance: time to calculate cache identifier cosmos_cache__smart_parking_staging for current version: 0.03879165700345766","logger":"cosmos.cache","filename":"cache.py","lineno":329}
{"timestamp":"2026-05-03T20:07:23.244809Z","level":"info","event":"Cosmos performance [58441a3dd589|54]: The cache size for cosmos_cache__smart_parking_staging is 1549","logger":"cosmos.dbt.graph","filename":"graph.py","lineno":798}
{"timestamp":"2026-05-03T20:07:23.245206Z","level":"info","event":"Cosmos performance: Cache hit for cosmos_cache__smart_parking_staging - 24f947bd2ebf439bfd906d134ba39523,d41d8cd98f00b204e9800998ecf8427e","logger":"cosmos.dbt.graph","filename":"graph.py","lineno":806}
{"timestamp":"2026-05-03T20:07:23.245459Z","level":"info","event":"Total nodes: 2","logger":"cosmos.dbt.graph","filename":"graph.py","lineno":711}
{"timestamp":"2026-05-03T20:07:23.245628Z","level":"info","event":"Total filtered nodes: 2","logger":"cosmos.dbt.graph","filename":"graph.py","lineno":712}
{"timestamp":"2026-05-03T20:07:23.287012Z","level":"info","event":"Cosmos performance (smart_parking_staging) -  [58441a3dd589|54]: It took 0.0989s to parse the dbt project for DAG using LoadMode.DBT_LS_CACHE","logger":"cosmos.converter","filename":"converter.py","lineno":333}
{"timestamp":"2026-05-03T20:07:23.289385Z","level":"info","event":"Project /opt/airflow/dags/data_transform does not have {'packages.yml', 'dependencies.yml'}","logger":"cosmos.dbt.project","filename":"project.py","lineno":40}
{"timestamp":"2026-05-03T20:07:23.295098Z","level":"info","event":"Project /opt/airflow/dags/data_transform does not have {'packages.yml', 'dependencies.yml'}","logger":"cosmos.dbt.project","filename":"project.py","lineno":40}
{"timestamp":"2026-05-03T20:07:23.296280Z","level":"info","event":"Cosmos performance (smart_parking_staging) - [58441a3dd589|54]: It took 0.00932s to build the Airflow DAG.","logger":"cosmos.converter","filename":"converter.py","lineno":380}
{"timestamp":"2026-05-03T20:07:23.296513Z","level":"info","event":"::endgroup::Cosmos DAG parsing logs","logger":"cosmos.converter","filename":"converter.py","lineno":383}
{"timestamp":"2026-05-03T20:07:23.411947Z","level":"info","event":"\u001b[0m20:07:23  Registered adapter: postgres=1.10.0","logger":"task.stdout"}
{"timestamp":"2026-05-03T20:07:23.814189Z","level":"info","event":"\u001b[0m20:07:23  Unable to do partial parsing because saved manifest not found. Starting full parse.","logger":"task.stdout"}
{"timestamp":"2026-05-03T20:07:26.425798Z","level":"info","event":"\u001b[0m20:07:26  [\u001b[33mWARNING\u001b[0m]: Configuration paths exist in your dbt_project.yml file which do not apply to any resources.","logger":"task.stdout"}
{"timestamp":"2026-05-03T20:07:26.426652Z","level":"info","event":"There are 1 unused configuration paths:","logger":"task.stdout"}
{"timestamp":"2026-05-03T20:07:26.427335Z","level":"info","event":"- models.data_transform.example","logger":"task.stdout"}
{"timestamp":"2026-05-03T20:07:26.600715Z","level":"info","event":"\u001b[0m20:07:26  Found 1 model, 1 source, 465 macros","logger":"task.stdout"}
{"timestamp":"2026-05-03T20:07:26.604513Z","level":"info","event":"\u001b[0m20:07:26","logger":"task.stdout"}
{"timestamp":"2026-05-03T20:07:26.605513Z","level":"info","event":"\u001b[0m20:07:26  Concurrency: 1 threads (target='dev')","logger":"task.stdout"}
{"timestamp":"2026-05-03T20:07:26.606531Z","level":"info","event":"\u001b[0m20:07:26","logger":"task.stdout"}
{"timestamp":"2026-05-03T20:07:26.813791Z","level":"info","event":"\u001b[0m20:07:26  1 of 1 START sql view model staging.stg_parkings ............................... [RUN]","logger":"task.stdout"}
{"timestamp":"2026-05-03T20:07:27.133665Z","level":"info","event":"\u001b[0m20:07:27  1 of 1 OK created sql view model staging.stg_parkings .......................... [\u001b[32mCREATE VIEW\u001b[0m in 0.32s]","logger":"task.stdout"}
{"timestamp":"2026-05-03T20:07:27.157649Z","level":"info","event":"\u001b[0m20:07:27","logger":"task.stdout"}
{"timestamp":"2026-05-03T20:07:27.159327Z","level":"info","event":"\u001b[0m20:07:27  Finished running 1 view model in 0 hours 0 minutes and 0.55 seconds (0.55s).","logger":"task.stdout"}
{"timestamp":"2026-05-03T20:07:27.236137Z","level":"info","event":"\u001b[0m20:07:27","logger":"task.stdout"}
{"timestamp":"2026-05-03T20:07:27.237580Z","level":"info","event":"\u001b[0m20:07:27  \u001b[32mCompleted successfully\u001b[0m","logger":"task.stdout"}
{"timestamp":"2026-05-03T20:07:27.239270Z","level":"info","event":"\u001b[0m20:07:27","logger":"task.stdout"}
{"timestamp":"2026-05-03T20:07:27.241051Z","level":"info","event":"\u001b[0m20:07:27  Done. PASS=1 WARN=0 ERROR=0 SKIP=0 NO-OP=0 TOTAL=1","logger":"task.stdout"}
{"timestamp":"2026-05-03T20:07:28.251488Z","level":"warning","event":"Airflow 3.0.0 Asset (Dataset) URIs validation rules changed and OpenLineage URIs (standard used by Cosmos) are no longer accepted. Therefore, if using Cosmos with Airflow 3, the Airflow Asset (Dataset) URI is now <postgres://oltp:5432/smart_parking/public/parkings>. Before, with Airflow 2.x, the URI used to be <postgres://oltp:5432/smart_parking.public.parkings>. Please, change any DAGs that were scheduled using the old standard to the new one.","logger":"cosmos.dataset","filename":"dataset.py","lineno":227}
{"timestamp":"2026-05-03T20:07:28.257238Z","level":"warning","event":"Airflow 3.0.0 Asset (Dataset) URIs validation rules changed and OpenLineage URIs (standard used by Cosmos) are no longer accepted. Therefore, if using Cosmos with Airflow 3, the Airflow Asset (Dataset) URI is now <postgres://oltp:5432/smart_parking/staging/stg_parkings>. Before, with Airflow 2.x, the URI used to be <postgres://oltp:5432/smart_parking.staging.stg_parkings>. Please, change any DAGs that were scheduled using the old standard to the new one.","logger":"cosmos.dataset","filename":"dataset.py","lineno":227}
{"timestamp":"2026-05-03T20:07:28.257650Z","level":"info","event":"Inlets: [Asset(name='postgres://oltp:5432/smart_parking/public/parkings', uri='postgres://oltp:5432/smart_parking/public/parkings', group='asset', extra={}, watchers=[])]","logger":"cosmos.operators.local","filename":"local.py","lineno":571}
{"timestamp":"2026-05-03T20:07:28.257915Z","level":"info","event":"Outlets: [Asset(name='postgres://oltp:5432/smart_parking/staging/stg_parkings', uri='postgres://oltp:5432/smart_parking/staging/stg_parkings', group='asset', extra={}, watchers=[])]","logger":"cosmos.operators.local","filename":"local.py","lineno":572}
{"timestamp":"2026-05-03T20:07:28.258264Z","level":"info","event":"Assigning outlets with DatasetAlias in Airflow 3","logger":"cosmos.operators.local","filename":"local.py","lineno":820}
